time="2022-01-19T15:09:38.351479202+07:00" level=error msg="pq: column \"user_id\" of relation \"users\" does not exist" file=/home/hungdev/lienquanMess/repository/repo_impl/user_repo_impl.go line=37
time="2022-01-19T15:09:43.861740728+07:00" level=error msg="pq: column \"user_id\" of relation \"users\" does not exist" file=/home/hungdev/lienquanMess/repository/repo_impl/user_repo_impl.go line=37
time="2022-01-19T15:09:59.140392129+07:00" level=error msg="pq: column \"user_id\" of relation \"users\" does not exist" file=/home/hungdev/lienquanMess/repository/repo_impl/user_repo_impl.go line=37
time="2022-01-19T15:11:00.522480248+07:00" level=error msg="could not find name id in model.User{UserId:\"56856831-78ff-11ec-a393-c8d9d296c009\", FullName:\"Đỗ Viết Hùng\", Phone:\"+84969545724\", Password:\"$2a$04$s.INkBO0xtf6uC..2XHATuU8FJYF49Y6jfNQvgDwo6VKiECc.Z8t2\", Token:\"\", CreatedAt:time.Date(2022, time.January, 19, 15, 11, 0, 522309324, time.Local), UpdatedAt:time.Date(2022, time.January, 19, 15, 11, 0, 522309454, time.Local)}" file=/home/hungdev/lienquanMess/repository/repo_impl/user_repo_impl.go line=37
time="2022-01-19T15:11:24.113695998+07:00" level=error msg="pq: value too long for type character varying(36)" file=/home/hungdev/lienquanMess/repository/repo_impl/user_repo_impl.go line=37
time="2022-01-19T15:11:48.274708207+07:00" level=error msg="could not find name id in model.User{UserId:\"72fbdb7f-78ff-11ec-9548-c8d9d296c009\", FullName:\"Đỗ Viết Hùng\", Phone:\"+84969545724\", Password:\"$2a$04$L7fpphyVhNalRlcK0eYP0eRN5QesZVW.wmWiB7ZJ5t5EXxv5v33Uq\", Token:\"\", CreatedAt:time.Date(2022, time.January, 19, 15, 11, 48, 274616671, time.Local), UpdatedAt:time.Date(2022, time.January, 19, 15, 11, 48, 274616718, time.Local)}" file=/home/hungdev/lienquanMess/repository/repo_impl/user_repo_impl.go line=37
time="2022-01-19T15:11:49.669871503+07:00" level=error msg="could not find name id in model.User{UserId:\"73d0c5c9-78ff-11ec-9548-c8d9d296c009\", FullName:\"Đỗ Viết Hùng\", Phone:\"+84969545724\", Password:\"$2a$04$.L3iU8qTm4AdGudEyftvI.93eNjvSP8WdZdm6mfMsy8uEwVaOyXhe\", Token:\"\", CreatedAt:time.Date(2022, time.January, 19, 15, 11, 49, 669832609, time.Local), UpdatedAt:time.Date(2022, time.January, 19, 15, 11, 49, 669832671, time.Local)}" file=/home/hungdev/lienquanMess/repository/repo_impl/user_repo_impl.go line=37
time="2022-01-19T15:12:22.960742435+07:00" level=error msg="pq: value too long for type character varying(36)" file=/home/hungdev/lienquanMess/repository/repo_impl/user_repo_impl.go line=37
time="2022-01-19T15:13:12.102551537+07:00" level=error msg="pq: value too long for type character varying(36)" file=/home/hungdev/lienquanMess/repository/repo_impl/user_repo_impl.go line=37
time="2022-01-19T15:13:13.583086732+07:00" level=error msg="pq: value too long for type character varying(36)" file=/home/hungdev/lienquanMess/repository/repo_impl/user_repo_impl.go line=37
time="2022-01-19T15:13:14.663187705+07:00" level=error msg="pq: value too long for type character varying(36)" file=/home/hungdev/lienquanMess/repository/repo_impl/user_repo_impl.go line=37
time="2022-01-19T15:16:39.353655212+07:00" level=error msg="pq: column \"user_id\" of relation \"users\" does not exist" file=/home/hungdev/lienquanMess/repository/repo_impl/user_repo_impl.go line=37
time="2022-01-19T15:17:09.057902751+07:00" level=error msg="pq: value too long for type character varying(36)" file=/home/hungdev/lienquanMess/repository/repo_impl/user_repo_impl.go line=37
time="2022-01-19T15:20:21.278581768+07:00" level=error msg="pq: value too long for type character varying(36)" file=/home/hungdev/lienquanMess/repository/repo_impl/user_repo_impl.go line=37
time="2022-01-19T15:20:30.330383031+07:00" level=error msg="pq: value too long for type character varying(36)" file=/home/hungdev/lienquanMess/repository/repo_impl/user_repo_impl.go line=37
time="2022-01-19T15:22:05.983742818+07:00" level=error msg="sql: Scan error on column index 4, name \"token\": converting NULL to string is unsupported" file=/home/hungdev/lienquanMess/repository/repo_impl/user_repo_impl.go line=56
time="2022-01-19T15:31:01.749409477+07:00" level=error msg="pq: cannot insert multiple commands into a prepared statement" file=/home/hungdev/lienquanMess/repository/repo_impl/user_repo_impl.go line=39
time="2022-01-19T19:07:36.99086429+07:00" level=error msg="pq: duplicate key value violates unique constraint \"users_phone_key\"" file=/home/hungdev/lienquanMess/repository/repo_impl/user_repo_impl.go line=41
time="2022-01-19T19:11:55.853325595+07:00" level=error msg="pq: duplicate key value violates unique constraint \"users_phone_key\"" file=/home/hungdev/lienquanMess/repository/repo_impl/user_repo_impl.go line=41
time="2022-01-19T19:15:08.60891083+07:00" level=error msg="pq: duplicate key value violates unique constraint \"users_phone_key\"" file=/home/hungdev/lienquanMess/repository/repo_impl/user_repo_impl.go line=46
time="2022-01-19T19:16:08.886405407+07:00" level=error msg="pq: duplicate key value violates unique constraint \"users_phone_key\"" file=/home/hungdev/lienquanMess/repository/repo_impl/user_repo_impl.go line=46
time="2022-01-19T19:16:41.505005264+07:00" level=error msg="pq: duplicate key value violates unique constraint \"users_phone_key\"" file=/home/hungdev/lienquanMess/repository/repo_impl/user_repo_impl.go line=46
time="2022-01-19T19:20:55.785577272+07:00" level=error msg="pq: column \"user_id\" does not exist" file=/home/hungdev/lienquanMess/repository/repo_impl/user_repo_impl.go line=81
time="2022-01-19T19:33:34.442420904+07:00" level=error msg="missing destination name avatar_url in *[]model.User" file=/home/hungdev/lienquanMess/repository/repo_impl/user_repo_impl.go line=94
time="2022-01-19T22:51:22.3503379+07:00" level=error msg="could not find name updated_at in model.Posts{Id:\"\", UserId:\"\", AccessModifier:\"\", Content:\"\", ImageUrl:\"\", LikeCount:0, CreatedAt:time.Date(1, time.January, 1, 0, 0, 0, 0, time.UTC)}" file=/home/hungdev/lienquanMess/repository/repo_impl/newsfeed_impl.go line=41
time="2022-01-19T22:51:36.866943723+07:00" level=error msg="could not find name updated_at in model.Posts{Id:\"\", UserId:\"\", AccessModifier:\"\", Content:\"\", ImageUrl:\"\", LikeCount:0, CreatedAt:time.Date(1, time.January, 1, 0, 0, 0, 0, time.UTC)}" file=/home/hungdev/lienquanMess/repository/repo_impl/newsfeed_impl.go line=41
time="2022-01-19T22:53:00.114860493+07:00" level=error msg="pq: insert or update on table \"posts\" violates foreign key constraint \"posts_user_id_fkey\"" file=/home/hungdev/lienquanMess/repository/repo_impl/newsfeed_impl.go line=44
time="2022-01-19T22:54:14.656528356+07:00" level=error msg="pq: value too long for type character varying(1)" file=/home/hungdev/lienquanMess/repository/repo_impl/newsfeed_impl.go line=43
time="2022-01-19T23:10:53.042570836+07:00" level=error msg="pq: invalid input syntax for type bigint: \"\"" file=/home/hungdev/lienquanMess/repository/repo_impl/newsfeed_impl.go line=28
time="2022-01-19T23:11:05.179935483+07:00" level=error msg="missing destination name comment_count in *[]model.Posts" file=/home/hungdev/lienquanMess/repository/repo_impl/newsfeed_impl.go line=28
time="2022-01-19T23:11:08.280300976+07:00" level=error msg="missing destination name comment_count in *[]model.Posts" file=/home/hungdev/lienquanMess/repository/repo_impl/newsfeed_impl.go line=28
time="2022-01-19T23:11:09.627225521+07:00" level=error msg="missing destination name comment_count in *[]model.Posts" file=/home/hungdev/lienquanMess/repository/repo_impl/newsfeed_impl.go line=28
time="2022-01-19T23:11:37.541453459+07:00" level=error msg="missing destination name comment_count in *[]model.Posts" file=/home/hungdev/lienquanMess/repository/repo_impl/newsfeed_impl.go line=28
time="2022-01-19T23:31:56.148110287+07:00" level=error msg="pq: syntax error at or near \"INNER\"" file=/home/hungdev/lienquanMess/repository/repo_impl/newsfeed_impl.go line=28
time="2022-01-19T23:32:25.707511802+07:00" level=error msg="pq: relation \"post\" does not exist" file=/home/hungdev/lienquanMess/repository/repo_impl/newsfeed_impl.go line=28
time="2022-01-19T23:32:38.792191779+07:00" level=error msg="pq: got 2 parameters but the statement requires 0" file=/home/hungdev/lienquanMess/repository/repo_impl/newsfeed_impl.go line=28
time="2022-01-19T23:32:53.803542352+07:00" level=error msg="pq: syntax error at or near \"INNER\"" file=/home/hungdev/lienquanMess/repository/repo_impl/newsfeed_impl.go line=28
time="2022-01-19T23:33:47.969080291+07:00" level=error msg="missing destination name avatar_url in *[]model.Posts" file=/home/hungdev/lienquanMess/repository/repo_impl/newsfeed_impl.go line=28
time="2022-01-19T23:35:05.714562671+07:00" level=error msg="missing destination name avatar_url in *[]model.Posts" file=/home/hungdev/lienquanMess/repository/repo_impl/newsfeed_impl.go line=28
time="2022-01-19T23:37:25.139095683+07:00" level=error msg="expected slice but got struct" file=/home/hungdev/lienquanMess/repository/repo_impl/newsfeed_impl.go line=29
time="2022-01-19T23:55:51.26850954+07:00" level=error msg="pq: invalid input syntax for type bigint: \"\"" file=/home/hungdev/lienquanMess/repository/repo_impl/user_repo_impl.go line=94
time="2022-01-19T23:56:56.10196866+07:00" level=error msg="pq: invalid input syntax for type bigint: \"\"" file=/home/hungdev/lienquanMess/repository/repo_impl/user_repo_impl.go line=94
time="2022-01-19T23:57:26.907456516+07:00" level=error msg="pq: invalid input syntax for type bigint: \"\"" file=/home/hungdev/lienquanMess/repository/repo_impl/user_repo_impl.go line=95
time="2022-01-19T23:58:38.930170939+07:00" level=error msg="pq: invalid input syntax for type bigint: \"\"" file=/home/hungdev/lienquanMess/repository/repo_impl/user_repo_impl.go line=95
time="2022-01-19T23:59:49.60370035+07:00" level=error msg="pq: invalid input syntax for type bigint: \"\"" file=/home/hungdev/lienquanMess/repository/repo_impl/user_repo_impl.go line=95
time="2022-01-19T23:59:51.769470391+07:00" level=error msg="pq: invalid input syntax for type bigint: \"\"" file=/home/hungdev/lienquanMess/repository/repo_impl/user_repo_impl.go line=95
time="2022-01-20T00:01:02.388786234+07:00" level=error msg="pq: invalid input syntax for type bigint: \"\"" file=/home/hungdev/lienquanMess/repository/repo_impl/user_repo_impl.go line=95
time="2022-01-20T00:05:03.096577605+07:00" level=error msg="pq: duplicate key value violates unique constraint \"users_phone_key\"" file=/home/hungdev/lienquanMess/repository/repo_impl/user_repo_impl.go line=46
time="2022-01-20T00:05:18.644074092+07:00" level=error msg="pq: duplicate key value violates unique constraint \"users_phone_key\"" file=/home/hungdev/lienquanMess/repository/repo_impl/user_repo_impl.go line=46
